# JRE version: OpenJDK Runtime Environment Zulu17.48+15-CA (17.0.10+7) (build 17.0.10+7-LTS)
# Java VM: OpenJDK 64-Bit Server VM Zulu17.48+15-CA (17.0.10+7-LTS, mixed mode, sharing, tiered, compressed oops, compressed class ptrs, g1 gc, windows-amd64)
GC Precious Log:
 CPUs: 4 total, 4 available
 Memory: 10177M
 Large Page Support: Disabled
 NUMA Support: Disabled
 Compressed Oops: Enabled (32-bit)
 Heap Region Size: 1M
 Heap Min Capacity: 8M
 Heap Initial Capacity: 160M
 Heap Max Capacity: 2G
 Pre-touch: Disabled
 Parallel Workers: 4
 Concurrent Workers: 1
 Concurrent Refinement Workers: 4
 Periodic GC: Disabled
Heap:
 garbage-first heap   total 423936K, used 269891K [0x0000000080000000, 0x0000000100000000)
  region size 1024K, 116 young (118784K), 23 survivors (23552K)
 Metaspace       used 174007K, committed 174976K, reserved 1245184K
  class space    used 22008K, committed 22528K, reserved 1048576K
GC Heap History (20 events):
Event: 21.927 GC heap before
{Heap before GC invocations=37 (full 0):
 garbage-first heap   total 181248K, used 144455K [0x0000000080000000, 0x0000000100000000)
  region size 1024K, 71 young (72704K), 4 survivors (4096K)
 Metaspace       used 114019K, committed 114688K, reserved 1179648K
  class space    used 14687K, committed 14976K, reserved 1048576K
}
Event: 21.936 GC heap after
{Heap after GC invocations=38 (full 0):
 garbage-first heap   total 181248K, used 77376K [0x0000000080000000, 0x0000000100000000)
  region size 1024K, 6 young (6144K), 6 survivors (6144K)
 Metaspace       used 114019K, committed 114688K, reserved 1179648K
  class space    used 14687K, committed 14976K, reserved 1048576K
}
Event: 24.289 GC heap before
{Heap before GC invocations=38 (full 0):
 garbage-first heap   total 181248K, used 147008K [0x0000000080000000, 0x0000000100000000)
  region size 1024K, 74 young (75776K), 6 survivors (6144K)
 Metaspace       used 121759K, committed 122432K, reserved 1179648K
  class space    used 15584K, committed 15936K, reserved 1048576K
}
Event: 24.305 GC heap after
{Heap after GC invocations=39 (full 0):
 garbage-first heap   total 181248K, used 85946K [0x0000000080000000, 0x0000000100000000)
  region size 1024K, 10 young (10240K), 10 survivors (10240K)
 Metaspace       used 121759K, committed 122432K, reserved 1179648K
  class space    used 15584K, committed 15936K, reserved 1048576K
}
Event: 25.017 GC heap before
{Heap before GC invocations=40 (full 0):
 garbage-first heap   total 181248K, used 154554K [0x0000000080000000, 0x0000000100000000)
  region size 1024K, 69 young (70656K), 10 survivors (10240K)
 Metaspace       used 122023K, committed 122688K, reserved 1179648K
  class space    used 15618K, committed 15936K, reserved 1048576K
}
Event: 25.048 GC heap after
{Heap after GC invocations=41 (full 0):
 garbage-first heap   total 181248K, used 103424K [0x0000000080000000, 0x0000000100000000)
  region size 1024K, 9 young (9216K), 9 survivors (9216K)
 Metaspace       used 122023K, committed 122688K, reserved 1179648K
  class space    used 15618K, committed 15936K, reserved 1048576K
}
Event: 25.051 GC heap before
{Heap before GC invocations=41 (full 0):
 garbage-first heap   total 181248K, used 103424K [0x0000000080000000, 0x0000000100000000)
  region size 1024K, 10 young (10240K), 9 survivors (9216K)
 Metaspace       used 122023K, committed 122688K, reserved 1179648K
  class space    used 15618K, committed 15936K, reserved 1048576K
}
Event: 25.067 GC heap after
{Heap after GC invocations=42 (full 0):
 garbage-first heap   total 423936K, used 105326K [0x0000000080000000, 0x0000000100000000)
  region size 1024K, 2 young (2048K), 2 survivors (2048K)
 Metaspace       used 122023K, committed 122688K, reserved 1179648K
  class space    used 15618K, committed 15936K, reserved 1048576K
}
Event: 28.716 GC heap before
{Heap before GC invocations=42 (full 0):
 garbage-first heap   total 423936K, used 338798K [0x0000000080000000, 0x0000000100000000)
  region size 1024K, 213 young (218112K), 2 survivors (2048K)
 Metaspace       used 132663K, committed 133376K, reserved 1179648K
  class space    used 16837K, committed 17152K, reserved 1048576K
}
Event: 28.749 GC heap after
{Heap after GC invocations=43 (full 0):
 garbage-first heap   total 423936K, used 139402K [0x0000000080000000, 0x0000000100000000)
  region size 1024K, 26 young (26624K), 26 survivors (26624K)
 Metaspace       used 132663K, committed 133376K, reserved 1179648K
  class space    used 16837K, committed 17152K, reserved 1048576K
}
Event: 32.048 GC heap before
{Heap before GC invocations=43 (full 0):
 garbage-first heap   total 423936K, used 320650K [0x0000000080000000, 0x0000000100000000)
  region size 1024K, 193 young (197632K), 26 survivors (26624K)
 Metaspace       used 143402K, committed 144128K, reserved 1179648K
  class space    used 18219K, committed 18560K, reserved 1048576K
}
Event: 32.086 GC heap after
{Heap after GC invocations=44 (full 0):
 garbage-first heap   total 423936K, used 157674K [0x0000000080000000, 0x0000000100000000)
  region size 1024K, 13 young (13312K), 13 survivors (13312K)
 Metaspace       used 143402K, committed 144128K, reserved 1179648K
  class space    used 18219K, committed 18560K, reserved 1048576K
}
Event: 34.818 GC heap before
{Heap before GC invocations=44 (full 0):
 garbage-first heap   total 423936K, used 324586K [0x0000000080000000, 0x0000000100000000)
  region size 1024K, 175 young (179200K), 13 survivors (13312K)
 Metaspace       used 143984K, committed 144704K, reserved 1179648K
  class space    used 18247K, committed 18624K, reserved 1048576K
}
Event: 34.842 GC heap after
{Heap after GC invocations=45 (full 0):
 garbage-first heap   total 423936K, used 169984K [0x0000000080000000, 0x0000000100000000)
  region size 1024K, 13 young (13312K), 13 survivors (13312K)
 Metaspace       used 143984K, committed 144704K, reserved 1179648K
  class space    used 18247K, committed 18624K, reserved 1048576K
}
Event: 38.578 GC heap before
{Heap before GC invocations=45 (full 0):
 garbage-first heap   total 423936K, used 333824K [0x0000000080000000, 0x0000000100000000)
  region size 1024K, 172 young (176128K), 13 survivors (13312K)
 Metaspace       used 152842K, committed 153600K, reserved 1245184K
  class space    used 19239K, committed 19584K, reserved 1048576K
}
Event: 38.588 GC heap after
{Heap after GC invocations=46 (full 0):
 garbage-first heap   total 423936K, used 164352K [0x0000000080000000, 0x0000000100000000)
  region size 1024K, 4 young (4096K), 4 survivors (4096K)
 Metaspace       used 152842K, committed 153600K, reserved 1245184K
  class space    used 19239K, committed 19584K, reserved 1048576K
}
Event: 41.385 GC heap before
{Heap before GC invocations=46 (full 0):
 garbage-first heap   total 423936K, used 339456K [0x0000000080000000, 0x0000000100000000)
  region size 1024K, 175 young (179200K), 4 survivors (4096K)
 Metaspace       used 165490K, committed 166336K, reserved 1245184K
  class space    used 21096K, committed 21504K, reserved 1048576K
}
Event: 41.405 GC heap after
{Heap after GC invocations=47 (full 0):
 garbage-first heap   total 423936K, used 164846K [0x0000000080000000, 0x0000000100000000)
  region size 1024K, 12 young (12288K), 12 survivors (12288K)
 Metaspace       used 165490K, committed 166336K, reserved 1245184K
  class space    used 21096K, committed 21504K, reserved 1048576K
}
Event: 49.634 GC heap before
{Heap before GC invocations=47 (full 0):
 garbage-first heap   total 423936K, used 345070K [0x0000000080000000, 0x0000000100000000)
  region size 1024K, 184 young (188416K), 12 survivors (12288K)
 Metaspace       used 171713K, committed 172608K, reserved 1245184K
  class space    used 21743K, committed 22144K, reserved 1048576K
}
Event: 49.665 GC heap after
{Heap after GC invocations=48 (full 0):
 garbage-first heap   total 423936K, used 176707K [0x0000000080000000, 0x0000000100000000)
  region size 1024K, 23 young (23552K), 23 survivors (23552K)
 Metaspace       used 171713K, committed 172608K, reserved 1245184K
  class space    used 21743K, committed 22144K, reserved 1048576K
}

